<?xml version="1.0" encoding="UTF-8"?>
<!-- Generated by org.testng.reporters.JUnitReportReporter -->
<testsuite hostname="LAPTOP-O2PFH35H" name="runners.SanityRunner" tests="1" failures="0" timestamp="25 Aug 2022 02:13:04 GMT" time="17.539" errors="0">
  <testcase name="feature" time="17.539" classname="runners.SanityRunner"/>
</testsuite> <!-- runners.SanityRunner -->
