<?xml version="1.0" encoding="UTF-8"?>
<!-- Generated by org.testng.reporters.JUnitReportReporter -->
<testsuite hostname="LAPTOP-O2PFH35H" name="runners.SanityRunner" tests="1" failures="0" timestamp="25 Aug 2022 03:54:26 GMT" time="16.989" errors="0">
  <testcase name="feature" time="16.989" classname="runners.SanityRunner"/>
</testsuite> <!-- runners.SanityRunner -->
